2026-07-06 22:25:48,729 INFO Command: black and not not open YouTube the system cannot find the file
2026-07-07 20:30:42,909 INFO Command: what is python?
2026-07-07 20:31:29,188 INFO Command: what is ml
2026-07-07 20:36:30,477 INFO Command: open whatsapp
2026-07-07 21:17:07,623 INFO Command: what is machine learning and FLAT
2026-07-07 21:18:27,422 INFO Command: what is flat and a salon
2026-07-12 20:16:20,561 INFO Command: what is the name of
2026-07-19 08:31:02,847 INFO Command: what is the meaning of django and flask
2026-07-19 08:32:48,335 INFO Command: better what are you doing
2026-07-19 08:36:28,670 INFO Command: opening youtube
2026-07-19 08:38:42,092 INFO Command: opening whatsapp
2026-07-19 08:39:43,668 INFO Command: opened yputube
2026-07-19 10:57:13,538 INFO Command: hey ayra
2026-07-19 11:12:55,496 INFO Command: hey Ira open WhatsApp
2026-07-19 11:16:50,559 INFO Command: nayara
2026-07-19 11:17:13,349 INFO Command: aira what are you doing
2026-07-19 11:20:57,582 INFO Command: Tera what are you doing
2026-07-20 20:47:18,953 INFO Command: hlo
2026-07-20 20:55:12,957 INFO Command: send WhatsApp
2026-07-20 20:56:48,779 INFO Command: send WhatsApp to my message hello
2026-07-20 21:03:51,264 INFO Command: send WhatsApp to my message
2026-07-20 21:03:51,265 ERROR Automation error: 'WhatsAppCommands' object has no attribute 'open_whatsapp'
Traceback (most recent call last):
  File "C:\Users\ASHISH\OneDrive\Desktop\Documents\my own voice assistant\commands\router.py", line 80, in route
    web_result = self._route_web_commands(lowered)
  File "C:\Users\ASHISH\OneDrive\Desktop\Documents\my own voice assistant\commands\router.py", line 197, in _route_web_commands
    return self.whatsapp.open_whatsapp()
           ^^^^^^^^^^^^^^^^^^^^^^^^^^^
AttributeError: 'WhatsAppCommands' object has no attribute 'open_whatsapp'
2026-07-20 21:04:07,439 INFO Command: send WhatsApp to maa message hello
2026-07-20 21:04:07,439 ERROR Automation error: 'WhatsAppCommands' object has no attribute 'open_whatsapp'
Traceback (most recent call last):
  File "C:\Users\ASHISH\OneDrive\Desktop\Documents\my own voice assistant\commands\router.py", line 80, in route
    web_result = self._route_web_commands(lowered)
  File "C:\Users\ASHISH\OneDrive\Desktop\Documents\my own voice assistant\commands\router.py", line 197, in _route_web_commands
    return self.whatsapp.open_whatsapp()
           ^^^^^^^^^^^^^^^^^^^^^^^^^^^
AttributeError: 'WhatsAppCommands' object has no attribute 'open_whatsapp'
2026-07-20 21:08:39,749 INFO Command: send WhatsApp to my message
2026-07-20 21:08:39,750 ERROR Automation error: 'WhatsAppCommands' object has no attribute 'open_whatsapp'
Traceback (most recent call last):
  File "C:\Users\ASHISH\OneDrive\Desktop\Documents\my own voice assistant\commands\router.py", line 80, in route
    web_result = self._route_web_commands(lowered)
  File "C:\Users\ASHISH\OneDrive\Desktop\Documents\my own voice assistant\commands\router.py", line 197, in _route_web_commands
    return self.whatsapp.open_whatsapp()
           ^^^^^^^^^^^^^^^^^^^^^^^^^^^
AttributeError: 'WhatsAppCommands' object has no attribute 'open_whatsapp'
2026-07-20 21:08:54,298 INFO Command: send WhatsApp to maa message
2026-07-20 21:08:54,298 ERROR Automation error: 'WhatsAppCommands' object has no attribute 'open_whatsapp'
Traceback (most recent call last):
  File "C:\Users\ASHISH\OneDrive\Desktop\Documents\my own voice assistant\commands\router.py", line 80, in route
    web_result = self._route_web_commands(lowered)
  File "C:\Users\ASHISH\OneDrive\Desktop\Documents\my own voice assistant\commands\router.py", line 197, in _route_web_commands
    return self.whatsapp.open_whatsapp()
           ^^^^^^^^^^^^^^^^^^^^^^^^^^^
AttributeError: 'WhatsAppCommands' object has no attribute 'open_whatsapp'
2026-07-20 21:09:56,324 INFO Command: send WhatsApp to Deba message hello
2026-07-20 21:09:56,324 ERROR Automation error: 'WhatsAppCommands' object has no attribute 'open_whatsapp'
Traceback (most recent call last):
  File "C:\Users\ASHISH\OneDrive\Desktop\Documents\my own voice assistant\commands\router.py", line 80, in route
    web_result = self._route_web_commands(lowered)
  File "C:\Users\ASHISH\OneDrive\Desktop\Documents\my own voice assistant\commands\router.py", line 197, in _route_web_commands
    return self.whatsapp.open_whatsapp()
           ^^^^^^^^^^^^^^^^^^^^^^^^^^^
AttributeError: 'WhatsAppCommands' object has no attribute 'open_whatsapp'
2026-07-20 21:11:41,242 INFO Command: send WhatsApp to Divya message
2026-07-20 21:12:25,508 INFO Command: send WhatsApp to Deva message hay
2026-07-20 21:14:54,324 INFO Command: send WhatsApp to Deva message
2026-07-20 21:21:03,505 INFO Command: hey Ira
2026-07-20 21:21:29,776 INFO Command: send message WhatsApp to Deepa hello
2026-07-20 21:21:49,166 INFO Command: you are wrong
